{"C:\\Users\\alexr\\Projects\\youtube\\node-and-express-js-app-draft\\src\\config.ts": {"path":"C:\\Users\\alexr\\Projects\\youtube\\node-and-express-js-app-draft\\src\\config.ts","statementMap":{"0":{"start":{"line":1,"column":15},"end":{"line":19,"column":2}},"1":{"start":{"line":21,"column":0},"end":{"line":21,"column":22}}},"fnMap":{},"branchMap":{"0":{"loc":{"start":{"line":2,"column":7},"end":{"line":2,"column":44}},"type":"binary-expr","locations":[{"start":{"line":2,"column":7},"end":{"line":2,"column":27}},{"start":{"line":2,"column":31},"end":{"line":2,"column":44}}]},"1":{"loc":{"start":{"line":3,"column":17},"end":{"line":3,"column":43}},"type":"binary-expr","locations":[{"start":{"line":3,"column":17},"end":{"line":3,"column":33}},{"start":{"line":3,"column":37},"end":{"line":3,"column":43}}]},"2":{"loc":{"start":{"line":5,"column":12},"end":{"line":5,"column":43}},"type":"binary-expr","locations":[{"start":{"line":5,"column":12},"end":{"line":5,"column":33}},{"start":{"line":5,"column":37},"end":{"line":5,"column":43}}]},"3":{"loc":{"start":{"line":7,"column":13},"end":{"line":7,"column":41}},"type":"binary-expr","locations":[{"start":{"line":7,"column":13},"end":{"line":7,"column":35}},{"start":{"line":7,"column":39},"end":{"line":7,"column":41}}]},"4":{"loc":{"start":{"line":8,"column":28},"end":{"line":8,"column":64}},"type":"binary-expr","locations":[{"start":{"line":8,"column":28},"end":{"line":8,"column":57}},{"start":{"line":8,"column":61},"end":{"line":8,"column":64}}]},"5":{"loc":{"start":{"line":9,"column":17},"end":{"line":9,"column":50}},"type":"binary-expr","locations":[{"start":{"line":9,"column":17},"end":{"line":9,"column":44}},{"start":{"line":9,"column":48},"end":{"line":9,"column":50}}]},"6":{"loc":{"start":{"line":10,"column":12},"end":{"line":10,"column":38}},"type":"binary-expr","locations":[{"start":{"line":10,"column":12},"end":{"line":10,"column":32}},{"start":{"line":10,"column":36},"end":{"line":10,"column":38}}]},"7":{"loc":{"start":{"line":12,"column":12},"end":{"line":12,"column":45}},"type":"binary-expr","locations":[{"start":{"line":12,"column":12},"end":{"line":12,"column":35}},{"start":{"line":12,"column":39},"end":{"line":12,"column":45}}]},"8":{"loc":{"start":{"line":13,"column":10},"end":{"line":13,"column":37}},"type":"binary-expr","locations":[{"start":{"line":13,"column":10},"end":{"line":13,"column":31}},{"start":{"line":13,"column":35},"end":{"line":13,"column":37}}]},"9":{"loc":{"start":{"line":14,"column":10},"end":{"line":14,"column":44}},"type":"binary-expr","locations":[{"start":{"line":14,"column":10},"end":{"line":14,"column":39}},{"start":{"line":14,"column":43},"end":{"line":14,"column":44}}]},"10":{"loc":{"start":{"line":15,"column":14},"end":{"line":15,"column":45}},"type":"binary-expr","locations":[{"start":{"line":15,"column":14},"end":{"line":15,"column":39}},{"start":{"line":15,"column":43},"end":{"line":15,"column":45}}]},"11":{"loc":{"start":{"line":16,"column":14},"end":{"line":16,"column":45}},"type":"binary-expr","locations":[{"start":{"line":16,"column":14},"end":{"line":16,"column":39}},{"start":{"line":16,"column":43},"end":{"line":16,"column":45}}]},"12":{"loc":{"start":{"line":18,"column":14},"end":{"line":18,"column":43}},"type":"binary-expr","locations":[{"start":{"line":18,"column":14},"end":{"line":18,"column":37}},{"start":{"line":18,"column":41},"end":{"line":18,"column":43}}]}},"s":{"0":6,"1":6},"f":{},"b":{"0":[6,0],"1":[6,4],"2":[6,4],"3":[6,4],"4":[6,6],"5":[6,4],"6":[6,4],"7":[6,4],"8":[6,4],"9":[6,4],"10":[6,4],"11":[6,4],"12":[6,4]}}
,"C:\\Users\\alexr\\Projects\\youtube\\node-and-express-js-app-draft\\src\\logger.ts": {"path":"C:\\Users\\alexr\\Projects\\youtube\\node-and-express-js-app-draft\\src\\logger.ts","statementMap":{"0":{"start":{"line":1,"column":0},"end":{"line":1,"column":30}},"1":{"start":{"line":2,"column":0},"end":{"line":2,"column":30}},"2":{"start":{"line":4,"column":18},"end":{"line":10,"column":2}},"3":{"start":{"line":12,"column":15},"end":{"line":27,"column":2}},"4":{"start":{"line":22,"column":8},"end":{"line":22,"column":87}},"5":{"start":{"line":29,"column":0},"end":{"line":29,"column":22}}},"fnMap":{"0":{"name":"(anonymous_1)","decl":{"start":{"line":21,"column":6},"end":{"line":21,"column":7}},"loc":{"start":{"line":21,"column":60},"end":{"line":23,"column":7}}}},"branchMap":{"0":{"loc":{"start":{"line":22,"column":41},"end":{"line":22,"column":58}},"type":"binary-expr","locations":[{"start":{"line":22,"column":41},"end":{"line":22,"column":52}},{"start":{"line":22,"column":56},"end":{"line":22,"column":58}}]},"1":{"loc":{"start":{"line":22,"column":73},"end":{"line":22,"column":84}},"type":"binary-expr","locations":[{"start":{"line":22,"column":73},"end":{"line":22,"column":78}},{"start":{"line":22,"column":82},"end":{"line":22,"column":84}}]}},"s":{"0":1,"1":1,"2":1,"3":1,"4":0,"5":1},"f":{"0":0},"b":{"0":[0,0],"1":[0,0]}}
,"C:\\Users\\alexr\\Projects\\youtube\\node-and-express-js-app-draft\\src\\utils.ts": {"path":"C:\\Users\\alexr\\Projects\\youtube\\node-and-express-js-app-draft\\src\\utils.ts","statementMap":{"0":{"start":{"line":5,"column":0},"end":{"line":5,"column":16}},"1":{"start":{"line":9,"column":0},"end":{"line":9,"column":16}},"2":{"start":{"line":22,"column":0},"end":{"line":22,"column":16}},"3":{"start":{"line":40,"column":0},"end":{"line":40,"column":16}},"4":{"start":{"line":2,"column":0},"end":{"line":2,"column":30}},"5":{"start":{"line":6,"column":2},"end":{"line":6,"column":15}},"6":{"start":{"line":10,"column":2},"end":{"line":12,"column":3}},"7":{"start":{"line":11,"column":4},"end":{"line":11,"column":25}},"8":{"start":{"line":13,"column":2},"end":{"line":15,"column":3}},"9":{"start":{"line":14,"column":4},"end":{"line":14,"column":33}},"10":{"start":{"line":16,"column":2},"end":{"line":18,"column":3}},"11":{"start":{"line":17,"column":4},"end":{"line":17,"column":17}},"12":{"start":{"line":19,"column":2},"end":{"line":19,"column":29}},"13":{"start":{"line":23,"column":15},"end":{"line":23,"column":53}},"14":{"start":{"line":24,"column":18},"end":{"line":24,"column":59}},"15":{"start":{"line":26,"column":20},"end":{"line":26,"column":54}},"16":{"start":{"line":28,"column":4},"end":{"line":28,"column":68}},"17":{"start":{"line":30,"column":16},"end":{"line":30,"column":28}},"18":{"start":{"line":31,"column":17},"end":{"line":31,"column":47}},"19":{"start":{"line":32,"column":2},"end":{"line":37,"column":4}},"20":{"start":{"line":45,"column":6},"end":{"line":45,"column":15}},"21":{"start":{"line":48,"column":2},"end":{"line":54,"column":3}},"22":{"start":{"line":49,"column":4},"end":{"line":49,"column":21}},"23":{"start":{"line":50,"column":9},"end":{"line":54,"column":3}},"24":{"start":{"line":51,"column":4},"end":{"line":51,"column":22}},"25":{"start":{"line":53,"column":4},"end":{"line":53,"column":26}},"26":{"start":{"line":56,"column":49},"end":{"line":56,"column":70}},"27":{"start":{"line":58,"column":2},"end":{"line":66,"column":3}},"28":{"start":{"line":59,"column":31},"end":{"line":59,"column":54}},"29":{"start":{"line":60,"column":4},"end":{"line":65,"column":5}},"30":{"start":{"line":64,"column":6},"end":{"line":64,"column":57}},"31":{"start":{"line":68,"column":2},"end":{"line":72,"column":4}}},"fnMap":{"0":{"name":"add","decl":{"start":{"line":5,"column":16},"end":{"line":5,"column":19}},"loc":{"start":{"line":5,"column":40},"end":{"line":7,"column":1}}},"1":{"name":"getErrorMessage","decl":{"start":{"line":9,"column":16},"end":{"line":9,"column":31}},"loc":{"start":{"line":9,"column":46},"end":{"line":20,"column":1}}},"2":{"name":"getPaginationParameters","decl":{"start":{"line":22,"column":16},"end":{"line":22,"column":39}},"loc":{"start":{"line":22,"column":52},"end":{"line":38,"column":1}}},"3":{"name":"parseTaskQueryParameters","decl":{"start":{"line":40,"column":16},"end":{"line":40,"column":40}},"loc":{"start":{"line":40,"column":53},"end":{"line":73,"column":1}}}},"branchMap":{"0":{"loc":{"start":{"line":10,"column":2},"end":{"line":12,"column":3}},"type":"if","locations":[{"start":{"line":10,"column":2},"end":{"line":12,"column":3}}]},"1":{"loc":{"start":{"line":13,"column":2},"end":{"line":15,"column":3}},"type":"if","locations":[{"start":{"line":13,"column":2},"end":{"line":15,"column":3}}]},"2":{"loc":{"start":{"line":13,"column":6},"end":{"line":13,"column":62}},"type":"binary-expr","locations":[{"start":{"line":13,"column":6},"end":{"line":13,"column":11}},{"start":{"line":13,"column":15},"end":{"line":13,"column":40}},{"start":{"line":13,"column":44},"end":{"line":13,"column":62}}]},"3":{"loc":{"start":{"line":16,"column":2},"end":{"line":18,"column":3}},"type":"if","locations":[{"start":{"line":16,"column":2},"end":{"line":18,"column":3}}]},"4":{"loc":{"start":{"line":26,"column":20},"end":{"line":26,"column":54}},"type":"cond-expr","locations":[{"start":{"line":26,"column":46},"end":{"line":26,"column":47}},{"start":{"line":26,"column":50},"end":{"line":26,"column":54}}]},"5":{"loc":{"start":{"line":26,"column":20},"end":{"line":26,"column":43}},"type":"binary-expr","locations":[{"start":{"line":26,"column":20},"end":{"line":26,"column":31}},{"start":{"line":26,"column":35},"end":{"line":26,"column":43}}]},"6":{"loc":{"start":{"line":28,"column":4},"end":{"line":28,"column":68}},"type":"cond-expr","locations":[{"start":{"line":28,"column":36},"end":{"line":28,"column":58}},{"start":{"line":28,"column":61},"end":{"line":28,"column":68}}]},"7":{"loc":{"start":{"line":28,"column":4},"end":{"line":28,"column":33}},"type":"binary-expr","locations":[{"start":{"line":28,"column":4},"end":{"line":28,"column":18}},{"start":{"line":28,"column":22},"end":{"line":28,"column":33}}]},"8":{"loc":{"start":{"line":48,"column":2},"end":{"line":54,"column":3}},"type":"if","locations":[{"start":{"line":48,"column":2},"end":{"line":54,"column":3}},{"start":{"line":50,"column":9},"end":{"line":54,"column":3}}]},"9":{"loc":{"start":{"line":48,"column":6},"end":{"line":48,"column":57}},"type":"binary-expr","locations":[{"start":{"line":48,"column":6},"end":{"line":48,"column":28}},{"start":{"line":48,"column":32},"end":{"line":48,"column":57}}]},"10":{"loc":{"start":{"line":50,"column":9},"end":{"line":54,"column":3}},"type":"if","locations":[{"start":{"line":50,"column":9},"end":{"line":54,"column":3}},{"start":{"line":52,"column":9},"end":{"line":54,"column":3}}]},"11":{"loc":{"start":{"line":50,"column":13},"end":{"line":50,"column":65}},"type":"binary-expr","locations":[{"start":{"line":50,"column":13},"end":{"line":50,"column":35}},{"start":{"line":50,"column":39},"end":{"line":50,"column":65}}]},"12":{"loc":{"start":{"line":58,"column":2},"end":{"line":66,"column":3}},"type":"if","locations":[{"start":{"line":58,"column":2},"end":{"line":66,"column":3}}]},"13":{"loc":{"start":{"line":60,"column":4},"end":{"line":65,"column":5}},"type":"if","locations":[{"start":{"line":60,"column":4},"end":{"line":65,"column":5}}]},"14":{"loc":{"start":{"line":61,"column":6},"end":{"line":62,"column":41}},"type":"binary-expr","locations":[{"start":{"line":61,"column":6},"end":{"line":61,"column":48}},{"start":{"line":62,"column":6},"end":{"line":62,"column":41}}]}},"s":{"0":3,"1":3,"2":3,"3":3,"4":3,"5":1,"6":9,"7":1,"8":8,"9":2,"10":6,"11":1,"12":5,"13":6,"14":6,"15":6,"16":6,"17":6,"18":6,"19":6,"20":0,"21":0,"22":0,"23":0,"24":0,"25":0,"26":0,"27":0,"28":0,"29":0,"30":0,"31":0},"f":{"0":1,"1":9,"2":6,"3":0},"b":{"0":[1],"1":[2],"2":[8,6,4],"3":[1],"4":[4,2],"5":[6,4],"6":[4,2],"7":[6,4],"8":[0,0],"9":[0,0],"10":[0,0],"11":[0,0],"12":[0],"13":[0],"14":[0,0]}}
,"C:\\Users\\alexr\\Projects\\youtube\\node-and-express-js-app-draft\\src\\data\\entities\\Task.ts": {"path":"C:\\Users\\alexr\\Projects\\youtube\\node-and-express-js-app-draft\\src\\data\\entities\\Task.ts","statementMap":{"0":{"start":{"line":1,"column":0},"end":{"line":1,"column":75}},"1":{"start":{"line":27,"column":4},"end":{"line":27,"column":17}},"2":{"start":{"line":28,"column":4},"end":{"line":28,"column":27}},"3":{"start":{"line":29,"column":4},"end":{"line":29,"column":33}},"4":{"start":{"line":30,"column":4},"end":{"line":30,"column":21}},"5":{"start":{"line":31,"column":4},"end":{"line":31,"column":35}},"6":{"start":{"line":32,"column":4},"end":{"line":32,"column":29}},"7":{"start":{"line":33,"column":4},"end":{"line":33,"column":37}},"8":{"start":{"line":34,"column":4},"end":{"line":34,"column":33}},"9":{"start":{"line":38,"column":4},"end":{"line":40,"column":5}},"10":{"start":{"line":39,"column":6},"end":{"line":39,"column":52}},"11":{"start":{"line":41,"column":4},"end":{"line":41,"column":35}},"12":{"start":{"line":45,"column":4},"end":{"line":45,"column":36}},"13":{"start":{"line":45,"column":24},"end":{"line":45,"column":36}},"14":{"start":{"line":47,"column":18},"end":{"line":47,"column":28}},"15":{"start":{"line":48,"column":26},"end":{"line":48,"column":36}},"16":{"start":{"line":49,"column":4},"end":{"line":49,"column":47}},"17":{"start":{"line":51,"column":4},"end":{"line":51,"column":59}},"18":{"start":{"line":56,"column":4},"end":{"line":56,"column":35}},"19":{"start":{"line":60,"column":4},"end":{"line":60,"column":44}},"20":{"start":{"line":4,"column":0},"end":{"line":4,"column":13}},"21":{"start":{"line":11,"column":2},"end":{"line":11,"column":null}},"22":{"start":{"line":10,"column":14},"end":{"line":10,"column":18}},"23":{"start":{"line":13,"column":2},"end":{"line":13,"column":null}},"24":{"start":{"line":12,"column":14},"end":{"line":12,"column":18}},"25":{"start":{"line":15,"column":2},"end":{"line":15,"column":null}},"26":{"start":{"line":55,"column":2},"end":{"line":57,"column":null}}},"fnMap":{"0":{"name":"(anonymous_1)","decl":{"start":{"line":17,"column":2},"end":{"line":17,"column":null}},"loc":{"start":{"line":25,"column":20},"end":{"line":35,"column":3}}},"1":{"name":"(anonymous_2)","decl":{"start":{"line":37,"column":2},"end":{"line":37,"column":17}},"loc":{"start":{"line":37,"column":17},"end":{"line":42,"column":3}}},"2":{"name":"(anonymous_3)","decl":{"start":{"line":44,"column":2},"end":{"line":44,"column":18}},"loc":{"start":{"line":44,"column":18},"end":{"line":52,"column":3}}},"3":{"name":"(anonymous_4)","decl":{"start":{"line":55,"column":2},"end":{"line":55,"column":6}},"loc":{"start":{"line":55,"column":19},"end":{"line":57,"column":3}}},"4":{"name":"(anonymous_5)","decl":{"start":{"line":59,"column":2},"end":{"line":59,"column":7}},"loc":{"start":{"line":59,"column":7},"end":{"line":61,"column":3}}},"5":{"name":"(anonymous_6)","decl":{"start":{"line":10,"column":8},"end":{"line":10,"column":11}},"loc":{"start":{"line":10,"column":14},"end":{"line":10,"column":18}}},"6":{"name":"(anonymous_7)","decl":{"start":{"line":12,"column":8},"end":{"line":12,"column":11}},"loc":{"start":{"line":12,"column":14},"end":{"line":12,"column":18}}}},"branchMap":{"0":{"loc":{"start":{"line":38,"column":4},"end":{"line":40,"column":5}},"type":"if","locations":[{"start":{"line":38,"column":4},"end":{"line":40,"column":5}}]},"1":{"loc":{"start":{"line":45,"column":4},"end":{"line":45,"column":36}},"type":"if","locations":[{"start":{"line":45,"column":4},"end":{"line":45,"column":36}}]},"2":{"loc":{"start":{"line":51,"column":11},"end":{"line":51,"column":58}},"type":"cond-expr","locations":[{"start":{"line":51,"column":44},"end":{"line":51,"column":50}},{"start":{"line":51,"column":53},"end":{"line":51,"column":58}}]}},"s":{"0":2,"1":5,"2":5,"3":5,"4":5,"5":5,"6":5,"7":5,"8":5,"9":3,"10":1,"11":2,"12":8,"13":1,"14":7,"15":7,"16":7,"17":7,"18":5,"19":1,"20":2,"21":2,"22":1,"23":2,"24":1,"25":2,"26":2},"f":{"0":5,"1":3,"2":8,"3":5,"4":1,"5":1,"6":1},"b":{"0":[1],"1":[1],"2":[6,1]}}
,"C:\\Users\\alexr\\Projects\\youtube\\node-and-express-js-app-draft\\src\\data\\repositories\\AddProjectRepository.ts": {"path":"C:\\Users\\alexr\\Projects\\youtube\\node-and-express-js-app-draft\\src\\data\\repositories\\AddProjectRepository.ts","statementMap":{"0":{"start":{"line":13,"column":0},"end":{"line":13,"column":16}},"1":{"start":{"line":1,"column":0},"end":{"line":1,"column":63}},"2":{"start":{"line":16,"column":2},"end":{"line":66,"column":4}},"3":{"start":{"line":21,"column":6},"end":{"line":27,"column":8}},"4":{"start":{"line":33,"column":20},"end":{"line":35,"column":8}},"5":{"start":{"line":36,"column":32},"end":{"line":43,"column":8}},"6":{"start":{"line":44,"column":6},"end":{"line":47,"column":8}},"7":{"start":{"line":45,"column":41},"end":{"line":45,"column":62}},"8":{"start":{"line":51,"column":22},"end":{"line":56,"column":8}},"9":{"start":{"line":57,"column":6},"end":{"line":63,"column":7}},"10":{"start":{"line":58,"column":8},"end":{"line":62,"column":11}},"11":{"start":{"line":64,"column":6},"end":{"line":64,"column":38}}},"fnMap":{"0":{"name":"AddProjectRepository","decl":{"start":{"line":13,"column":16},"end":{"line":13,"column":36}},"loc":{"start":{"line":14,"column":13},"end":{"line":67,"column":1}}},"1":{"name":"(anonymous_2)","decl":{"start":{"line":20,"column":4},"end":{"line":20,"column":14}},"loc":{"start":{"line":20,"column":37},"end":{"line":28,"column":5}}},"2":{"name":"(anonymous_3)","decl":{"start":{"line":29,"column":4},"end":{"line":29,"column":9}},"loc":{"start":{"line":31,"column":21},"end":{"line":48,"column":5}}},"3":{"name":"(anonymous_4)","decl":{"start":{"line":45,"column":31},"end":{"line":45,"column":32}},"loc":{"start":{"line":45,"column":41},"end":{"line":45,"column":62}}},"4":{"name":"(anonymous_5)","decl":{"start":{"line":50,"column":4},"end":{"line":50,"column":9}},"loc":{"start":{"line":50,"column":48},"end":{"line":65,"column":5}}}},"branchMap":{"0":{"loc":{"start":{"line":39,"column":16},"end":{"line":39,"column":48}},"type":"binary-expr","locations":[{"start":{"line":39,"column":16},"end":{"line":39,"column":27}},{"start":{"line":39,"column":31},"end":{"line":39,"column":48}}]},"1":{"loc":{"start":{"line":40,"column":16},"end":{"line":40,"column":50}},"type":"binary-expr","locations":[{"start":{"line":40,"column":16},"end":{"line":40,"column":28}},{"start":{"line":40,"column":32},"end":{"line":40,"column":50}}]},"2":{"loc":{"start":{"line":57,"column":6},"end":{"line":63,"column":7}},"type":"if","locations":[{"start":{"line":57,"column":6},"end":{"line":63,"column":7}}]}},"s":{"0":2,"1":2,"2":2,"3":0,"4":0,"5":0,"6":0,"7":0,"8":0,"9":0,"10":0,"11":0},"f":{"0":2,"1":0,"2":0,"3":0,"4":0},"b":{"0":[0,0],"1":[0,0],"2":[0]}}
,"C:\\Users\\alexr\\Projects\\youtube\\node-and-express-js-app-draft\\src\\data\\repositories\\AddTaskRepository.ts": {"path":"C:\\Users\\alexr\\Projects\\youtube\\node-and-express-js-app-draft\\src\\data\\repositories\\AddTaskRepository.ts","statementMap":{"0":{"start":{"line":13,"column":0},"end":{"line":13,"column":16}},"1":{"start":{"line":1,"column":0},"end":{"line":1,"column":63}},"2":{"start":{"line":16,"column":2},"end":{"line":105,"column":4}},"3":{"start":{"line":18,"column":6},"end":{"line":27,"column":8}},"4":{"start":{"line":34,"column":43},"end":{"line":40,"column":8}},"5":{"start":{"line":42,"column":6},"end":{"line":48,"column":7}},"6":{"start":{"line":43,"column":8},"end":{"line":47,"column":9}},"7":{"start":{"line":44,"column":10},"end":{"line":44,"column":45}},"8":{"start":{"line":46,"column":10},"end":{"line":46,"column":36}},"9":{"start":{"line":50,"column":29},"end":{"line":58,"column":8}},"10":{"start":{"line":60,"column":6},"end":{"line":63,"column":8}},"11":{"start":{"line":61,"column":35},"end":{"line":61,"column":53}},"12":{"start":{"line":67,"column":19},"end":{"line":72,"column":8}},"13":{"start":{"line":73,"column":6},"end":{"line":79,"column":7}},"14":{"start":{"line":74,"column":8},"end":{"line":78,"column":11}},"15":{"start":{"line":80,"column":6},"end":{"line":80,"column":32}},"16":{"start":{"line":84,"column":19},"end":{"line":89,"column":8}},"17":{"start":{"line":90,"column":6},"end":{"line":90,"column":32}},"18":{"start":{"line":94,"column":19},"end":{"line":102,"column":8}},"19":{"start":{"line":103,"column":6},"end":{"line":103,"column":32}}},"fnMap":{"0":{"name":"AddTaskRepository","decl":{"start":{"line":13,"column":16},"end":{"line":13,"column":33}},"loc":{"start":{"line":14,"column":13},"end":{"line":106,"column":1}}},"1":{"name":"(anonymous_2)","decl":{"start":{"line":17,"column":4},"end":{"line":17,"column":11}},"loc":{"start":{"line":17,"column":28},"end":{"line":28,"column":5}}},"2":{"name":"(anonymous_3)","decl":{"start":{"line":30,"column":4},"end":{"line":30,"column":9}},"loc":{"start":{"line":32,"column":21},"end":{"line":64,"column":5}}},"3":{"name":"(anonymous_4)","decl":{"start":{"line":61,"column":25},"end":{"line":61,"column":26}},"loc":{"start":{"line":61,"column":35},"end":{"line":61,"column":53}}},"4":{"name":"(anonymous_5)","decl":{"start":{"line":66,"column":4},"end":{"line":66,"column":9}},"loc":{"start":{"line":66,"column":45},"end":{"line":81,"column":5}}},"5":{"name":"(anonymous_6)","decl":{"start":{"line":83,"column":4},"end":{"line":83,"column":9}},"loc":{"start":{"line":83,"column":50},"end":{"line":91,"column":5}}},"6":{"name":"(anonymous_7)","decl":{"start":{"line":93,"column":4},"end":{"line":93,"column":9}},"loc":{"start":{"line":93,"column":73},"end":{"line":104,"column":5}}}},"branchMap":{"0":{"loc":{"start":{"line":42,"column":6},"end":{"line":48,"column":7}},"type":"if","locations":[{"start":{"line":42,"column":6},"end":{"line":48,"column":7}}]},"1":{"loc":{"start":{"line":43,"column":8},"end":{"line":47,"column":9}},"type":"if","locations":[{"start":{"line":43,"column":8},"end":{"line":47,"column":9}},{"start":{"line":45,"column":15},"end":{"line":47,"column":9}}]},"2":{"loc":{"start":{"line":53,"column":16},"end":{"line":53,"column":48}},"type":"binary-expr","locations":[{"start":{"line":53,"column":16},"end":{"line":53,"column":27}},{"start":{"line":53,"column":31},"end":{"line":53,"column":48}}]},"3":{"loc":{"start":{"line":54,"column":16},"end":{"line":54,"column":50}},"type":"binary-expr","locations":[{"start":{"line":54,"column":16},"end":{"line":54,"column":28}},{"start":{"line":54,"column":32},"end":{"line":54,"column":50}}]},"4":{"loc":{"start":{"line":73,"column":6},"end":{"line":79,"column":7}},"type":"if","locations":[{"start":{"line":73,"column":6},"end":{"line":79,"column":7}}]}},"s":{"0":2,"1":2,"2":2,"3":0,"4":0,"5":0,"6":0,"7":0,"8":0,"9":0,"10":0,"11":0,"12":0,"13":0,"14":0,"15":0,"16":0,"17":0,"18":0,"19":0},"f":{"0":2,"1":0,"2":0,"3":0,"4":0,"5":0,"6":0},"b":{"0":[0],"1":[0,0],"2":[0,0],"3":[0,0],"4":[0]}}
,"C:\\Users\\alexr\\Projects\\youtube\\node-and-express-js-app-draft\\src\\data\\repositories\\BaseRepository.ts": {"path":"C:\\Users\\alexr\\Projects\\youtube\\node-and-express-js-app-draft\\src\\data\\repositories\\BaseRepository.ts","statementMap":{"0":{"start":{"line":1,"column":0},"end":{"line":1,"column":46}},"1":{"start":{"line":4,"column":27},"end":{"line":4,"column":29}},"2":{"start":{"line":5,"column":28},"end":{"line":5,"column":29}},"3":{"start":{"line":8,"column":4},"end":{"line":8,"column":37}},"4":{"start":{"line":12,"column":4},"end":{"line":12,"column":23}},"5":{"start":{"line":3,"column":0},"end":{"line":3,"column":21}}},"fnMap":{"0":{"name":"(anonymous_0)","decl":{"start":{"line":7,"column":2},"end":{"line":7,"column":null}},"loc":{"start":{"line":7,"column":2},"end":{"line":9,"column":3}}},"1":{"name":"(anonymous_1)","decl":{"start":{"line":11,"column":2},"end":{"line":11,"column":11}},"loc":{"start":{"line":11,"column":11},"end":{"line":13,"column":3}}}},"branchMap":{},"s":{"0":2,"1":2,"2":2,"3":2,"4":0,"5":2},"f":{"0":2,"1":0},"b":{}}
,"C:\\Users\\alexr\\Projects\\youtube\\node-and-express-js-app-draft\\src\\data\\repositories\\index.ts": {"path":"C:\\Users\\alexr\\Projects\\youtube\\node-and-express-js-app-draft\\src\\data\\repositories\\index.ts","statementMap":{"0":{"start":{"line":1,"column":0},"end":{"line":1,"column":46}},"1":{"start":{"line":2,"column":0},"end":{"line":2,"column":56}},"2":{"start":{"line":3,"column":0},"end":{"line":3,"column":62}},"3":{"start":{"line":5,"column":13},"end":{"line":7,"column":5}}},"fnMap":{},"branchMap":{},"s":{"0":2,"1":2,"2":2,"3":2},"f":{},"b":{}}
,"C:\\Users\\alexr\\Projects\\youtube\\node-and-express-js-app-draft\\src\\errors\\CustomError.ts": {"path":"C:\\Users\\alexr\\Projects\\youtube\\node-and-express-js-app-draft\\src\\errors\\CustomError.ts","statementMap":{"0":{"start":{"line":15,"column":4},"end":{"line":15,"column":12}},"1":{"start":{"line":16,"column":4},"end":{"line":16,"column":27}},"2":{"start":{"line":17,"column":4},"end":{"line":17,"column":33}},"3":{"start":{"line":18,"column":4},"end":{"line":18,"column":21}},"4":{"start":{"line":22,"column":0},"end":{"line":22,"column":27}}},"fnMap":{"0":{"name":"(anonymous_0)","decl":{"start":{"line":6,"column":2},"end":{"line":6,"column":14}},"loc":{"start":{"line":14,"column":3},"end":{"line":19,"column":3}}}},"branchMap":{},"s":{"0":0,"1":0,"2":0,"3":0,"4":2},"f":{"0":0},"b":{}}
,"C:\\Users\\alexr\\Projects\\youtube\\node-and-express-js-app-draft\\src\\errors\\EntityNotFoundError.ts": {"path":"C:\\Users\\alexr\\Projects\\youtube\\node-and-express-js-app-draft\\src\\errors\\EntityNotFoundError.ts","statementMap":{"0":{"start":{"line":1,"column":0},"end":{"line":1,"column":40}},"1":{"start":{"line":4,"column":0},"end":{"line":4,"column":35}}},"fnMap":{},"branchMap":{},"s":{"0":2,"1":2},"f":{},"b":{}}
,"C:\\Users\\alexr\\Projects\\youtube\\node-and-express-js-app-draft\\src\\routes\\v1\\tasks\\controller.ts": {"path":"C:\\Users\\alexr\\Projects\\youtube\\node-and-express-js-app-draft\\src\\routes\\v1\\tasks\\controller.ts","statementMap":{"0":{"start":{"line":1,"column":0},"end":{"line":1,"column":52}},"1":{"start":{"line":3,"column":0},"end":{"line":3,"column":49}},"2":{"start":{"line":4,"column":0},"end":{"line":4,"column":76}},"3":{"start":{"line":5,"column":0},"end":{"line":5,"column":43}},"4":{"start":{"line":6,"column":0},"end":{"line":6,"column":66}},"5":{"start":{"line":7,"column":0},"end":{"line":7,"column":44}},"6":{"start":{"line":9,"column":25},"end":{"line":24,"column":1}},"7":{"start":{"line":10,"column":43},"end":{"line":10,"column":71}},"8":{"start":{"line":11,"column":26},"end":{"line":11,"column":55}},"9":{"start":{"line":12,"column":17},"end":{"line":14,"column":null}},"10":{"start":{"line":16,"column":16},"end":{"line":16,"column":71}},"11":{"start":{"line":16,"column":43},"end":{"line":16,"column":70}},"12":{"start":{"line":17,"column":2},"end":{"line":23,"column":5}},"13":{"start":{"line":18,"column":31},"end":{"line":18,"column":43}},"14":{"start":{"line":9,"column":13},"end":{"line":9,"column":25}},"15":{"start":{"line":26,"column":23},"end":{"line":33,"column":1}},"16":{"start":{"line":27,"column":19},"end":{"line":29,"column":null}},"17":{"start":{"line":31,"column":15},"end":{"line":31,"column":46}},"18":{"start":{"line":32,"column":2},"end":{"line":32,"column":47}},"19":{"start":{"line":26,"column":13},"end":{"line":26,"column":23}},"20":{"start":{"line":35,"column":35},"end":{"line":44,"column":1}},"21":{"start":{"line":36,"column":19},"end":{"line":38,"column":null}},"22":{"start":{"line":40,"column":15},"end":{"line":40,"column":46}},"23":{"start":{"line":41,"column":2},"end":{"line":41,"column":25}},"24":{"start":{"line":42,"column":2},"end":{"line":42,"column":74}},"25":{"start":{"line":43,"column":2},"end":{"line":43,"column":47}},"26":{"start":{"line":35,"column":13},"end":{"line":35,"column":35}},"27":{"start":{"line":46,"column":26},"end":{"line":50,"column":1}},"28":{"start":{"line":47,"column":28},"end":{"line":47,"column":62}},"29":{"start":{"line":48,"column":15},"end":{"line":48,"column":48}},"30":{"start":{"line":49,"column":2},"end":{"line":49,"column":33}},"31":{"start":{"line":46,"column":13},"end":{"line":46,"column":26}},"32":{"start":{"line":52,"column":26},"end":{"line":59,"column":1}},"33":{"start":{"line":53,"column":15},"end":{"line":56,"column":null}},"34":{"start":{"line":58,"column":2},"end":{"line":58,"column":33}},"35":{"start":{"line":52,"column":13},"end":{"line":52,"column":26}}},"fnMap":{"0":{"name":"(anonymous_0)","decl":{"start":{"line":9,"column":25},"end":{"line":9,"column":30}},"loc":{"start":{"line":9,"column":63},"end":{"line":24,"column":1}}},"1":{"name":"(anonymous_1)","decl":{"start":{"line":16,"column":33},"end":{"line":16,"column":34}},"loc":{"start":{"line":16,"column":43},"end":{"line":16,"column":70}}},"2":{"name":"(anonymous_2)","decl":{"start":{"line":18,"column":21},"end":{"line":18,"column":22}},"loc":{"start":{"line":18,"column":31},"end":{"line":18,"column":43}}},"3":{"name":"(anonymous_3)","decl":{"start":{"line":26,"column":23},"end":{"line":26,"column":28}},"loc":{"start":{"line":26,"column":61},"end":{"line":33,"column":1}}},"4":{"name":"(anonymous_4)","decl":{"start":{"line":35,"column":35},"end":{"line":35,"column":40}},"loc":{"start":{"line":35,"column":73},"end":{"line":44,"column":1}}},"5":{"name":"(anonymous_5)","decl":{"start":{"line":46,"column":26},"end":{"line":46,"column":31}},"loc":{"start":{"line":46,"column":64},"end":{"line":50,"column":1}}},"6":{"name":"(anonymous_6)","decl":{"start":{"line":52,"column":26},"end":{"line":52,"column":31}},"loc":{"start":{"line":52,"column":64},"end":{"line":59,"column":1}}}},"branchMap":{},"s":{"0":1,"1":1,"2":1,"3":1,"4":1,"5":1,"6":1,"7":0,"8":0,"9":0,"10":0,"11":0,"12":0,"13":0,"14":1,"15":1,"16":0,"17":0,"18":0,"19":1,"20":1,"21":0,"22":0,"23":0,"24":0,"25":0,"26":1,"27":1,"28":1,"29":1,"30":1,"31":1,"32":1,"33":0,"34":0,"35":1},"f":{"0":0,"1":0,"2":0,"3":0,"4":0,"5":1,"6":0},"b":{}}
,"C:\\Users\\alexr\\Projects\\youtube\\node-and-express-js-app-draft\\src\\services\\mailer\\mailtrap-mailer\\MailtrapMailer.ts": {"path":"C:\\Users\\alexr\\Projects\\youtube\\node-and-express-js-app-draft\\src\\services\\mailer\\mailtrap-mailer\\MailtrapMailer.ts","statementMap":{"0":{"start":{"line":1,"column":0},"end":{"line":1,"column":36}},"1":{"start":{"line":3,"column":0},"end":{"line":3,"column":30}},"2":{"start":{"line":10,"column":43},"end":{"line":17,"column":6}},"3":{"start":{"line":18,"column":4},"end":{"line":18,"column":59}},"4":{"start":{"line":22,"column":4},"end":{"line":28,"column":7}},"5":{"start":{"line":6,"column":0},"end":{"line":6,"column":13}}},"fnMap":{"0":{"name":"(anonymous_1)","decl":{"start":{"line":9,"column":2},"end":{"line":9,"column":null}},"loc":{"start":{"line":9,"column":2},"end":{"line":19,"column":3}}},"1":{"name":"(anonymous_2)","decl":{"start":{"line":21,"column":2},"end":{"line":21,"column":7}},"loc":{"start":{"line":21,"column":48},"end":{"line":29,"column":3}}}},"branchMap":{},"s":{"0":1,"1":1,"2":1,"3":1,"4":1,"5":1},"f":{"0":1,"1":1},"b":{}}
,"C:\\Users\\alexr\\Projects\\youtube\\node-and-express-js-app-draft\\src\\use-cases\\CreateTaskUseCase.ts": {"path":"C:\\Users\\alexr\\Projects\\youtube\\node-and-express-js-app-draft\\src\\use-cases\\CreateTaskUseCase.ts","statementMap":{"0":{"start":{"line":3,"column":0},"end":{"line":3,"column":49}},"1":{"start":{"line":4,"column":0},"end":{"line":4,"column":30}},"2":{"start":{"line":5,"column":0},"end":{"line":5,"column":30}},"3":{"start":{"line":9,"column":14},"end":{"line":9,"column":26}},"4":{"start":{"line":10,"column":14},"end":{"line":10,"column":29}},"5":{"start":{"line":14,"column":17},"end":{"line":16,"column":null}},"6":{"start":{"line":19,"column":4},"end":{"line":25,"column":45}},"7":{"start":{"line":25,"column":24},"end":{"line":25,"column":43}},"8":{"start":{"line":27,"column":4},"end":{"line":27,"column":16}},"9":{"start":{"line":7,"column":0},"end":{"line":7,"column":13}}},"fnMap":{"0":{"name":"(anonymous_1)","decl":{"start":{"line":8,"column":2},"end":{"line":8,"column":null}},"loc":{"start":{"line":10,"column":29},"end":{"line":11,"column":6}}},"1":{"name":"(anonymous_2)","decl":{"start":{"line":13,"column":2},"end":{"line":13,"column":7}},"loc":{"start":{"line":13,"column":15},"end":{"line":28,"column":3}}},"2":{"name":"(anonymous_3)","decl":{"start":{"line":25,"column":13},"end":{"line":25,"column":14}},"loc":{"start":{"line":25,"column":24},"end":{"line":25,"column":43}}}},"branchMap":{},"s":{"0":2,"1":2,"2":2,"3":2,"4":2,"5":2,"6":2,"7":1,"8":2,"9":2},"f":{"0":2,"1":2,"2":1},"b":{}}
}
